<?xml version="1.0" encoding="UTF-8"?>
<testng-results ignored="0" total="1" passed="1" failed="0" skipped="0">
  <reporter-output>
  </reporter-output>
  <suite started-at="2025-06-20T23:44:02 IST" name="Default suite" finished-at="2025-06-20T23:44:11 IST" duration-ms="9055">
    <groups>
    </groups>
    <test started-at="2025-06-20T23:44:02 IST" name="Default test" finished-at="2025-06-20T23:44:11 IST" duration-ms="9055">
      <class name="com.webapp.test.UITest">
        <test-method signature="startBrowser()[pri:0, instance:com.webapp.test.UITest@59474f18]" started-at="2025-06-20T23:44:03 IST" name="startBrowser" finished-at="2025-06-20T23:44:11 IST" duration-ms="8975" status="PASS">
          <reporter-output>
          </reporter-output>
        </test-method> <!-- startBrowser -->
      </class> <!-- com.webapp.test.UITest -->
    </test> <!-- Default test -->
  </suite> <!-- Default suite -->
</testng-results>
